#SizeStream Measurements
#Stored on Tuesday, April 04, 2017 22:45:12
#SizeStream Core Measurements
#format - Measurement Valid (1 = valid), Measurement Name, Measurement
#
1  Collar Circumference: 32.595
1  Neck Circumference: 35.799
1  Back Shoulder Width Horizontal: 38.294
1  Shoulder Length Left: 10.918
1  Shoulder Length Right: 10.512
1  Side Neck to Bust length Left: 25.37
1  Side Neck to Bust length Right: 25.728
1  Arm Hole Circumference Left: 43.96
1  Arm Hole Circumference Right: 46.798
1  Outer Arm Hole Circumference Left: 43.24
1  Outer Arm Hole Circumference Right: 45.986
1  Arm Length Left: 53.688
1  Arm Length Right: 52.353
1  Arm Under Length Left: 40.515
1  Arm Under Length Right: 40.166
1  Sleeve Length Left: 68.735
1  Sleeve Length Right: 69.488
1  Abdomen Height: 92.241
1  Abdomen Rise: 19.215
1  Crotch Height: 73.026
1  Crotch Length Full: 80.847
1  Front Vertical Rise: 30.268
1  Seat Fold Height: 74.523
1  Inseam Left: 73.741
1  Inseam Right: 73.644
1  Outside Leg Length Left: 104.82
1  Outside Leg Length Right: 104.37
1  Thigh Circumference Left: 59.304
1  Thigh Circumference Right: 60.621
1  UnderKnee Circumference Left: 35.372
1  UnderKnee Circumference Right: 34.979
1  UnderKnee Height Left: 40.896
1  UnderKnee Height Right: 40.579
1  Calf Circumference Left: 38.914
1  Calf Circumference Right: 39.268
1  Min Lower Leg Girth Left: 25.753
1  Min Lower Leg Girth Right: 26.456
1  Min lower leg Height Left: 9.4111
1  Min lower leg Height Right: 11.637
1  Chest / Bust Circum Tape Measure: 100.47
1  Over Arm Circum Tape Measure: 112.59
1  Bust Girth With Drop Tape Measure: 99.04
1  Underbust Circum Tape Measure: 84.462
1  Waist Circum Tape Measure: 91.83
1  Elbow Height Waist Tape Measure: 76.585
1  Elbow Height Waist: 76.774
1  Stomach FP Circum Tape Measure: 96.826
1  Abdomen Circum Tape Measure: 97.139
1  Hip Circum Tape Measure: 107.54
1  Seat Circum Tape Measure: 105.22
1  Across Back Tape Measurement: 31.633
1  Bicep Circumference Left: 31.252
1  Bicep Circumference Right: 30.042
1  Wrist Circumference Left: 16.367
1  Wrist Circumference Right: 16.533
1  Half Back Center Tape Measure: 37.279
1  Back Neck to Back Chest Contour Length: 22.097
1  Subject Height: 169.41
1  Back Neck to Shoulder Blade Tape Measure: 18.743
1  Opt Small of Back Waist Tape Measure: 74.916
1  Opt Small Waist Back Height: 103.29
1  Opt Small Waist Front Height: 103.29
1  Opt Small Waist Left Height: 103.29
1  Opt Small Waist Right Height: 103.29
1  Forearm Circumference Left: 26.133
1  Forearm Circumference Right: 25.839
1  Front Hip Tape Measure: 52.587
1  Front Waist Tape Measure: 38.15
1  Elbow Circumference Tape Measure Left: 26.65
1  Elbow Circumference Tape Measure Right: 26.747
1  Chin Height: 139.53
1  Axilla Chest Circumference Tape Measure: 98.231
1  Hinged Upper Bust Circumference: 93.697
1  High Hip: 99.711
1  High Hip to Small Of Back Optimized Waist: 12.764
1  Low Hip: 107.54
1  Low Hip to Small Of Back Optimized Waist: 25.5
1  Hips Eight Inches Down from Small of Back: 104.68
1  Hips Two Inches Above Crotch: 107.5
1  Back Vertical Rise: 30.268
1  Upper Bust Front Length: 43.264
1  Shoulder Circumference: 101.88
1  Shoulder Circumference Height: 129.14
1  Actual Ankle Circumference Left: 25.499
1  Actual Ankle Circumference Right: 26.699
1  Actual Knee Circumference Left: 59.388
1  Actual Knee Circumference Right: 37.759
1  Actual Mid-Thigh Circumference Left: 59.293
1  Actual Mid-Thigh Circumference Right: 48.105
1  Across Chest Arm to Arm Length: 32.585
#SizeStream Custom Measurements
#format - Measurement Valid (1 = valid), Measurement Name, Measurement
#
1  [0] Collar/Mid Neck Circ: 32.595
1  [1] Neck Base Circ: 35.799
1  [72] Chest/Bust Circ [Tape]: 100.47
1  [74] Bust Circ with Drop [Tape]: 99.04
1  [75] Underbust Circ [Tape]: 84.462
1  [76] Low Waist Circ Pitched [Tape]: 91.83
1  [23] Low Waist Pitched [76] Height: 103.29
1  [77] Waist Circ SOB+4 Horz [Tape]: 89.334
1  [119] Waist Circ SOB+4 Horz Height: 96.614
1  [78] Pants Waist Circ [SOB+4 pitched] [Tape]: 94.441
1  [105] Opt WAIST SOB [Tape]: 74.916
1  [107] Opt Waist SOB [Tape] CB Height: 103.29
1  [86] Seat Circ [Tape]: 105.22
1  [86h] Seat Circ Height: 82.26
1  [85] Hip Circ [Tape]: 107.54
1  [85h] Hip Circ Height: 77.757
1  [36] Crotch Height: 73.026
1  [37] Crotch Length Full: 80.847
1  [41] Inseam Lenght R: 73.644
1  [40] Inseam Lenght L: 73.741
1  [83] Stomach Girth [Tape]: 89.043
1  [93] Wrist Circ R: 16.533
1  [94] Wrist Circ L: 16.367
1  [84] Abdomen Circ [Tape]: 97.139
1  [32] Abdomen Circ Height: 92.241
1  [149] High Hip Circ [Tape]: 99.711
1  [4] Shoulder Length R: 10.512
1  [3] Shoulder Length L: 10.918
1  [14] Armhole Circ L [Vert]: 43.96
1  [15] Armhole Circ R [Vert]: 46.798
1  [170] Armhole Circ Outer R [Pitch]: 45.986
1  [171] Armhole Circ Outer L [Pitch]: 43.24
1  [17] Arm Length R: 52.353
1  [16] Arm Length R: 53.688
1  [13] SideNeck to Bust R [Tape]: 25.728
1  [12] SideNeck to Bust L [Tape]: 25.37
1  [38]  Fr Vertical Rise: 30.268
1  [45] Thigh Circ R [2in down]: 60.621
1  [44] Thigh Circ L [2in down]: 59.304
1  [2] Bk Shoulder Horz: 38.294
1  [177] Mid Thigh Circ R: 48.105
1  [176] Mid Thigh Circ L: 59.293
1  [175] Knee Circ R: 37.759
1  [174] Knee Circ L: 59.388
1  [55] Calf Circ R: 39.268
1  [54] Calf Circ L: 38.914
1  [121] Min Low Leg Circ R: 26.456
1  [120] Min Low Leg Circ L: 25.753
1  [88] X Bk Pit-to-Pit [Tape]: 31.633
1  [87] X Fr Pit-to-Pit [Tape]: 51.462
1  [89] Bicep Circ L: 31.252
1  [90] Bicep Circ R: 30.042
1  [162] Bk Vert Rise: 30.268
1  [173] Ankle Circ R: 26.699
1  [172] Ankle Circ L: 25.499
1  [95] CB Length [Tape]: 37.279
1  [97] CB Neck to CB Chest [Tape]: 22.097
1  [115] Forearm Circ L: 26.133
1  [116] Forearm Circ R: 25.839
1  [123] Elbow Circ R [Tape]: 26.747
1  [122] Elbow Circ L [Tape]: 26.65
1  [128] Chin Height: 139.53
1  Bust/Chest C to Waist C Ratio: 1.1086
1  Waist C to Hip C Ratio: 0.6966
1  Bust/Chest C to Hip C Ratio: 0.92092
1  Seat C to Hip C Ratio: 0.97842
1  Bust/Chest C to Hip C Drop: -8.505
1  Waist C to Hip C Drop: -32.629
1  Bust/Chest C to Waist C Drop: 24.124
1  Hip C to Seat C Drop: 2.321
1  Torso Length to Leg Length Ratio: 0.91295
1  Waist Length to Torso Length Ratio: 0.45415
1  Waist to Hip Length to Torso Length Ratio: 0.38304
1  R Arm Length to Leg Length Ratio: 0.7169
1  R Bicep C - Hip C Ratio: 0.27934
1  R Thigh C - Hip C Ratio: 0.56368
1  R Calf C - Hip C Ratio: 0.36513
1  Waist to Hip Length: 25.537
1  Bust to Waist Length: 15.137
1  CB Neck to Bust Length: 21.254
1  Hip Depth: 25.71
1  Hip Depth to Hip C Ratio: 0.23907
1  Hip Width: 40.363
1  Hip Width to Hip C Ratio: 0.37532
1  Hip Depth to Width Ratio: 0.63698
1  Bust Pitch: 0.
1  Neck Base Width: 10.654
1  R Shoulder Drop: 4.3823
1  L Shoulder Drop: 3.3104
1  Bust Width: 22.8
1  Scye Depth: 19.39
